#
# A fatal error has been detected by the Java Runtime Environment:
#
#  EXCEPTION_ACCESS_VIOLATION (0xc0000005) at pc=0x0000000000000000, pid=2024, tid=4588
#
# JRE version: OpenJDK Runtime Environment (11.0.5+10) (build 11.0.5+10-b520.30)
# Java VM: OpenJDK 64-Bit Server VM (11.0.5+10-b520.30, mixed mode, tiered, compressed oops, g1 gc, windows-amd64)
# Problematic frame:
# C  0x0000000000000000
#
# No core dump will be written. Minidumps are not enabled by default on client versions of Windows
#
# If you would like to submit a bug report, please visit:
#   http://bugreport.java.com/bugreport/crash.jsp
# The crash happened outside the Java Virtual Machine in native code.
# See problematic frame for where to report the bug.
#

---------------  S U M M A R Y ------------

Command Line: -javaagent:C:\Program Files\JetBrains\IntelliJ IDEA Community Edition 2019.2.2\lib\idea_rt.jar=52954:C:\Program Files\JetBrains\IntelliJ IDEA Community Edition 2019.2.2\bin -Dfile.encoding=UTF-8 sample.Main

Host: Intel(R) Core(TM) i3-4160 CPU @ 3.60GHz, 4 cores, 3G,  Windows 8.1 , 64 bit Build 9600 (6.3.9600.19719)
Time: Wed Sep 23 16:04:15 2020 RTZ 2 (ceia) elapsed time: 0 seconds (0d 0h 0m 0s)

---------------  T H R E A D  ---------------

Current thread (0x0000003d14a95800):  JavaThread "main" [_thread_in_native, id=4588, stack(0x0000003d14140000,0x0000003d14240000)]

Stack: [0x0000003d14140000,0x0000003d14240000],  sp=0x0000003d142382e8,  free space=992k
Native frames: (J=compiled Java code, j=interpreted, Vv=VM code, C=native code)

Java frames: (J=compiled Java code, j=interpreted, Vv=VM code)
j  java.lang.ClassLoader$NativeLibrary.load0(Ljava/lang/String;Z)Z+0 java.base@11.0.5
j  java.lang.ClassLoader$NativeLibrary.load()Z+53 java.base@11.0.5
j  java.lang.ClassLoader$NativeLibrary.loadLibrary(Ljava/lang/Class;Ljava/lang/String;Z)Z+216 java.base@11.0.5
j  java.lang.ClassLoader.loadLibrary0(Ljava/lang/Class;Ljava/io/File;)Z+46 java.base@11.0.5
j  java.lang.ClassLoader.loadLibrary(Ljava/lang/Class;Ljava/lang/String;Z)V+228 java.base@11.0.5
j  java.lang.Runtime.loadLibrary0(Ljava/lang/Class;Ljava/lang/String;)V+54 java.base@11.0.5
j  java.lang.System.loadLibrary(Ljava/lang/String;)V+7 java.base@11.0.5
j  sun.nio.fs.WindowsNativeDispatcher$1.run()Ljava/lang/Void;+2 java.base@11.0.5
j  sun.nio.fs.WindowsNativeDispatcher$1.run()Ljava/lang/Object;+1 java.base@11.0.5
v  ~StubRoutines::call_stub
j  java.security.AccessController.doPrivileged(Ljava/security/PrivilegedAction;)Ljava/lang/Object;+0 java.base@11.0.5
j  sun.nio.fs.WindowsNativeDispatcher.<clinit>()V+13 java.base@11.0.5
v  ~StubRoutines::call_stub
j  sun.nio.fs.WindowsFileAttributes.get(Lsun/nio/fs/WindowsPath;Z)Lsun/nio/fs/WindowsFileAttributes;+26 java.base@11.0.5
j  sun.nio.fs.WindowsFileAttributeViews$Basic.readAttributes()Lsun/nio/fs/WindowsFileAttributes;+15 java.base@11.0.5
j  sun.nio.fs.WindowsFileAttributeViews$Basic.readAttributes()Ljava/nio/file/attribute/BasicFileAttributes;+1 java.base@11.0.5
j  sun.nio.fs.WindowsFileSystemProvider.readAttributes(Ljava/nio/file/Path;Ljava/lang/Class;[Ljava/nio/file/LinkOption;)Ljava/nio/file/attribute/BasicFileAttributes;+57 java.base@11.0.5
j  java.nio.file.Files.readAttributes(Ljava/nio/file/Path;Ljava/lang/Class;[Ljava/nio/file/LinkOption;)Ljava/nio/file/attribute/BasicFileAttributes;+7 java.base@11.0.5
j  java.util.zip.ZipFile$Source.get(Ljava/io/File;Z)Ljava/util/zip/ZipFile$Source;+15 java.base@11.0.5
j  java.util.zip.ZipFile$CleanableResource.<init>(Ljava/util/zip/ZipFile;Ljava/io/File;I)V+54 java.base@11.0.5
j  java.util.zip.ZipFile$CleanableResource.get(Ljava/util/zip/ZipFile;Ljava/io/File;I)Ljava/util/zip/ZipFile$CleanableResource;+66 java.base@11.0.5
j  java.util.zip.ZipFile.<init>(Ljava/io/File;ILjava/nio/charset/Charset;)V+113 java.base@11.0.5
j  java.util.zip.ZipFile.<init>(Ljava/io/File;I)V+6 java.base@11.0.5
j  java.util.jar.JarFile.<init>(Ljava/io/File;ZILjava/lang/Runtime$Version;)V+3 java.base@11.0.5
j  jdk.internal.loader.URLClassPath$JarLoader.getJarFile(Ljava/net/URL;)Ljava/util/jar/JarFile;+56 java.base@11.0.5
j  jdk.internal.loader.URLClassPath$JarLoader$1.run()Ljava/lang/Void;+55 java.base@11.0.5
j  jdk.internal.loader.URLClassPath$JarLoader$1.run()Ljava/lang/Object;+1 java.base@11.0.5
v  ~StubRoutines::call_stub
j  java.security.AccessController.doPrivileged(Ljava/security/PrivilegedExceptionAction;Ljava/security/AccessControlContext;)Ljava/lang/Object;+0 java.base@11.0.5
j  jdk.internal.loader.URLClassPath$JarLoader.ensureOpen()V+19 java.base@11.0.5
j  jdk.internal.loader.URLClassPath$JarLoader.<init>(Ljava/net/URL;Ljava/net/URLStreamHandler;Ljava/util/HashMap;Ljava/security/AccessControlContext;)V+63 java.base@11.0.5
j  jdk.internal.loader.URLClassPath$3.run()Ljdk/internal/loader/URLClassPath$Loader;+168 java.base@11.0.5
j  jdk.internal.loader.URLClassPath$3.run()Ljava/lang/Object;+1 java.base@11.0.5
v  ~StubRoutines::call_stub
j  java.security.AccessController.doPrivileged(Ljava/security/PrivilegedExceptionAction;Ljava/security/AccessControlContext;)Ljava/lang/Object;+0 java.base@11.0.5
j  jdk.internal.loader.URLClassPath.getLoader(Ljava/net/URL;)Ljdk/internal/loader/URLClassPath$Loader;+13 java.base@11.0.5
j  jdk.internal.loader.URLClassPath.getLoader(I)Ljdk/internal/loader/URLClassPath$Loader;+81 java.base@11.0.5
j  jdk.internal.loader.URLClassPath.getResource(Ljava/lang/String;Z)Ljdk/internal/loader/Resource;+42 java.base@11.0.5
j  jdk.internal.loader.BuiltinClassLoader.findClassOnClassPathOrNull(Ljava/lang/String;)Ljava/lang/Class;+26 java.base@11.0.5
j  jdk.internal.loader.BuiltinClassLoader.loadClassOrNull(Ljava/lang/String;Z)Ljava/lang/Class;+111 java.base@11.0.5
j  jdk.internal.loader.BuiltinClassLoader.loadClass(Ljava/lang/String;Z)Ljava/lang/Class;+3 java.base@11.0.5
j  jdk.internal.loader.ClassLoaders$AppClassLoader.loadClass(Ljava/lang/String;Z)Ljava/lang/Class;+36 java.base@11.0.5
j  java.lang.ClassLoader.loadClass(Ljava/lang/String;)Ljava/lang/Class;+3 java.base@11.0.5
j  sun.instrument.InstrumentationImpl.loadClassAndStartAgent(Ljava/lang/String;Ljava/lang/String;Ljava/lang/String;)V+8 java.instrument@11.0.5
j  sun.instrument.InstrumentationImpl.loadClassAndCallPremain(Ljava/lang/String;Ljava/lang/String;)V+5 java.instrument@11.0.5
v  ~StubRoutines::call_stub

siginfo: EXCEPTION_ACCESS_VIOLATION (0xc0000005), data execution prevention violation at address 0x0000000000000000


Register to memory mapping:

RIP=0x0 is NULL
RAX=0x0 is NULL
RBX=0xffffffffffffffff is an unknown value
RCX=0x0000000000000017 is an unknown value
RDX=0x0000000000000001 is an unknown value
RSP=0x0000003d142382e8 is pointing into the stack for thread: 0x0000003d14a95800
RBP=0x0000000000000001 is an unknown value
RSI=0x0 is NULL
RDI=0x0000003d33fc3998 points into unknown readable memory: 66 00 02 00 00 00 00 00
R8 =0x0 is NULL
R9 =0x0000003d142383d0 is pointing into the stack for thread: 0x0000003d14a95800
R10=0x000000007ffffefb is an unknown value
R11=0x0000003d142382e0 is pointing into the stack for thread: 0x0000003d14a95800
R12=0x0000000000000017 is an unknown value
R13=0x0000003d142383d0 is pointing into the stack for thread: 0x0000003d14a95800
R14=0xffffffffffffffff is an unknown value
R15=0x0000003d142386f0 is pointing into the stack for thread: 0x0000003d14a95800


Registers:
RAX=0x0000000000000000, RBX=0xffffffffffffffff, RCX=0x0000000000000017, RDX=0x0000000000000001
RSP=0x0000003d142382e8, RBP=0x0000000000000001, RSI=0x0000000000000000, RDI=0x0000003d33fc3998
R8 =0x0000000000000000, R9 =0x0000003d142383d0, R10=0x000000007ffffefb, R11=0x0000003d142382e0
R12=0x0000000000000017, R13=0x0000003d142383d0, R14=0xffffffffffffffff, R15=0x0000003d142386f0
RIP=0x0000000000000000, EFLAGS=0x0000000000010246

Top of Stack: (sp=0x0000003d142382e8)
0x0000003d142382e8:   00007ff8a2e6c110 ffffffffffffffff
0x0000003d142382f8:   0000000000000001 0000000000000000
0x0000003d14238308:   0000003d33fc3998 0000003d00000000
0x0000003d14238318:   0000000000000001 0000003d142386f0
0x0000003d14238328:   0000000000000000 0000000000000001
0x0000003d14238338:   00007ff8a2eeb880 0000000000000001
0x0000003d14238348:   fffffffffffffffe 00007ff8a72adee0
0x0000003d14238358:   00007ff8a72ad9c0 00007ff8a72ae070
0x0000003d14238368:   00007ff8a72adae0 00007ff8a72aba90
0x0000003d14238378:   00007ff8a7295730 00007ff8a72823d0
0x0000003d14238388:   00007ff8a72965e0 00007ff8a7290030
0x0000003d14238398:   00007ff8a72adca0 00007ff8a72ae150
0x0000003d142383a8:   00007ff8a72ae200 00007ff8a72ae240
0x0000003d142383b8:   00007ff8a72ae0c0 00007ff8a72adf20
0x0000003d142383c8:   0000000000000000 0000000000020066
0x0000003d142383d8:   0000000000000000 f9eab0c000000008 

Instructions: (pc=0x0000000000000000)
0xffffffffffffff00:   


Stack slot to memory mapping:
stack at sp + 0 slots: 0x00007ff8a2e6c110 filterlsp.dll
stack at sp + 1 slots: 0xffffffffffffffff is an unknown value
stack at sp + 2 slots: 0x0000000000000001 is an unknown value
stack at sp + 3 slots: 0x0 is NULL
stack at sp + 4 slots: 0x0000003d33fc3998 points into unknown readable memory: 66 00 02 00 00 00 00 00
stack at sp + 5 slots: 0x0000003d00000000 is an unknown value
stack at sp + 6 slots: 0x0000000000000001 is an unknown value
stack at sp + 7 slots: 0x0000003d142386f0 is pointing into the stack for thread: 0x0000003d14a95800


---------------  P R O C E S S  ---------------

Threads class SMR info:
_java_thread_list=0x0000003d2cae7e50, length=9, elements={
0x0000003d14a95800, 0x0000003d2caa4000, 0x0000003d2cac8000, 0x0000003d2d742800,
0x0000003d2cae1000, 0x0000003d2cae3000, 0x0000003d2caeb800, 0x0000003d2caf3800,
0x0000003d14b33800
}

Java Threads: ( => current thread )
=>0x0000003d14a95800 JavaThread "main" [_thread_in_native, id=4588, stack(0x0000003d14140000,0x0000003d14240000)]
  0x0000003d2caa4000 JavaThread "Reference Handler" daemon [_thread_blocked, id=5020, stack(0x0000003d2d420000,0x0000003d2d520000)]
  0x0000003d2cac8000 JavaThread "Finalizer" daemon [_thread_blocked, id=4640, stack(0x0000003d2d520000,0x0000003d2d620000)]
  0x0000003d2d742800 JavaThread "Signal Dispatcher" daemon [_thread_blocked, id=4820, stack(0x0000003d2db00000,0x0000003d2dc00000)]
  0x0000003d2cae1000 JavaThread "Attach Listener" daemon [_thread_blocked, id=1028, stack(0x0000003d2dc00000,0x0000003d2dd00000)]
  0x0000003d2cae3000 JavaThread "C2 CompilerThread0" daemon [_thread_blocked, id=3992, stack(0x0000003d2dd00000,0x0000003d2de00000)]
  0x0000003d2caeb800 JavaThread "C1 CompilerThread0" daemon [_thread_blocked, id=4552, stack(0x0000003d2de00000,0x0000003d2df00000)]
  0x0000003d2caf3800 JavaThread "Sweeper thread" daemon [_thread_blocked, id=3168, stack(0x0000003d2df00000,0x0000003d2e000000)]
  0x0000003d14b33800 JavaThread "Common-Cleaner" daemon [_thread_blocked, id=4848, stack(0x0000003d2e000000,0x0000003d2e100000)]

Other Threads:
  0x0000003d2caa1800 VMThread "VM Thread" [stack: 0x0000003d2d320000,0x0000003d2d420000] [id=952]
  0x0000003d14ab0000 GCTaskThread "GC Thread#0" [stack: 0x0000003d14430000,0x0000003d14530000] [id=2908]
  0x0000003d14acb800 ConcurrentGCThread "G1 Main Marker" [stack: 0x0000003d2a0d0000,0x0000003d2a1d0000] [id=4100]
  0x0000003d14acd000 ConcurrentGCThread "G1 Conc#0" [stack: 0x0000003d2a1d0000,0x0000003d2a2d0000] [id=4340]
  0x0000003d14b29800 ConcurrentGCThread "G1 Refine#0" [stack: 0x0000003d2c720000,0x0000003d2c820000] [id=4472]
  0x0000003d14b2a800 ConcurrentGCThread "G1 Young RemSet Sampling" [stack: 0x0000003d2c820000,0x0000003d2c920000] [id=4968]

Threads with active compile tasks:

VM state:not at safepoint (normal execution)

VM Mutex/Monitor currently owned by a thread: None

Heap address: 0x00000000c0e00000, size: 1010 MB, Compressed Oops mode: 32-bit
Narrow klass base: 0x0000000000000000, Narrow klass shift: 3
Compressed class space size: 1073741824 Address: 0x0000000100000000

Heap:
 garbage-first heap   total 65536K, used 1024K [0x00000000c0e00000, 0x0000000100000000)
  region size 1024K, 2 young (2048K), 0 survivors (0K)
 Metaspace       used 5462K, capacity 5531K, committed 5632K, reserved 1056768K
  class space    used 472K, capacity 502K, committed 512K, reserved 1048576K
Heap Regions: E=young(eden), S=young(survivor), O=old, HS=humongous(starts), HC=humongous(continues), CS=collection set, F=free, A=archive, TAMS=top-at-mark-start (previous, next)
|   0|0x00000000c0e00000, 0x00000000c0e00000, 0x00000000c0f00000|  0%| F|  |TAMS 0x00000000c0e00000, 0x00000000c0e00000| Untracked 
|   1|0x00000000c0f00000, 0x00000000c0f00000, 0x00000000c1000000|  0%| F|  |TAMS 0x00000000c0f00000, 0x00000000c0f00000| Untracked 
|   2|0x00000000c1000000, 0x00000000c1000000, 0x00000000c1100000|  0%| F|  |TAMS 0x00000000c1000000, 0x00000000c1000000| Untracked 
|   3|0x00000000c1100000, 0x00000000c1100000, 0x00000000c1200000|  0%| F|  |TAMS 0x00000000c1100000, 0x00000000c1100000| Untracked 
|   4|0x00000000c1200000, 0x00000000c1200000, 0x00000000c1300000|  0%| F|  |TAMS 0x00000000c1200000, 0x00000000c1200000| Untracked 
|   5|0x00000000c1300000, 0x00000000c1300000, 0x00000000c1400000|  0%| F|  |TAMS 0x00000000c1300000, 0x00000000c1300000| Untracked 
|   6|0x00000000c1400000, 0x00000000c1400000, 0x00000000c1500000|  0%| F|  |TAMS 0x00000000c1400000, 0x00000000c1400000| Untracked 
|   7|0x00000000c1500000, 0x00000000c1500000, 0x00000000c1600000|  0%| F|  |TAMS 0x00000000c1500000, 0x00000000c1500000| Untracked 
|   8|0x00000000c1600000, 0x00000000c1600000, 0x00000000c1700000|  0%| F|  |TAMS 0x00000000c1600000, 0x00000000c1600000| Untracked 
|   9|0x00000000c1700000, 0x00000000c1700000, 0x00000000c1800000|  0%| F|  |TAMS 0x00000000c1700000, 0x00000000c1700000| Untracked 
|  10|0x00000000c1800000, 0x00000000c1800000, 0x00000000c1900000|  0%| F|  |TAMS 0x00000000c1800000, 0x00000000c1800000| Untracked 
|  11|0x00000000c1900000, 0x00000000c1900000, 0x00000000c1a00000|  0%| F|  |TAMS 0x00000000c1900000, 0x00000000c1900000| Untracked 
|  12|0x00000000c1a00000, 0x00000000c1a00000, 0x00000000c1b00000|  0%| F|  |TAMS 0x00000000c1a00000, 0x00000000c1a00000| Untracked 
|  13|0x00000000c1b00000, 0x00000000c1b00000, 0x00000000c1c00000|  0%| F|  |TAMS 0x00000000c1b00000, 0x00000000c1b00000| Untracked 
|  14|0x00000000c1c00000, 0x00000000c1c00000, 0x00000000c1d00000|  0%| F|  |TAMS 0x00000000c1c00000, 0x00000000c1c00000| Untracked 
|  15|0x00000000c1d00000, 0x00000000c1d00000, 0x00000000c1e00000|  0%| F|  |TAMS 0x00000000c1d00000, 0x00000000c1d00000| Untracked 
|  16|0x00000000c1e00000, 0x00000000c1e00000, 0x00000000c1f00000|  0%| F|  |TAMS 0x00000000c1e00000, 0x00000000c1e00000| Untracked 
|  17|0x00000000c1f00000, 0x00000000c1f00000, 0x00000000c2000000|  0%| F|  |TAMS 0x00000000c1f00000, 0x00000000c1f00000| Untracked 
|  18|0x00000000c2000000, 0x00000000c2000000, 0x00000000c2100000|  0%| F|  |TAMS 0x00000000c2000000, 0x00000000c2000000| Untracked 
|  19|0x00000000c2100000, 0x00000000c2100000, 0x00000000c2200000|  0%| F|  |TAMS 0x00000000c2100000, 0x00000000c2100000| Untracked 
|  20|0x00000000c2200000, 0x00000000c2200000, 0x00000000c2300000|  0%| F|  |TAMS 0x00000000c2200000, 0x00000000c2200000| Untracked 
|  21|0x00000000c2300000, 0x00000000c2300000, 0x00000000c2400000|  0%| F|  |TAMS 0x00000000c2300000, 0x00000000c2300000| Untracked 
|  22|0x00000000c2400000, 0x00000000c2400000, 0x00000000c2500000|  0%| F|  |TAMS 0x00000000c2400000, 0x00000000c2400000| Untracked 
|  23|0x00000000c2500000, 0x00000000c2500000, 0x00000000c2600000|  0%| F|  |TAMS 0x00000000c2500000, 0x00000000c2500000| Untracked 
|  24|0x00000000c2600000, 0x00000000c2600000, 0x00000000c2700000|  0%| F|  |TAMS 0x00000000c2600000, 0x00000000c2600000| Untracked 
|  25|0x00000000c2700000, 0x00000000c2700000, 0x00000000c2800000|  0%| F|  |TAMS 0x00000000c2700000, 0x00000000c2700000| Untracked 
|  26|0x00000000c2800000, 0x00000000c2800000, 0x00000000c2900000|  0%| F|  |TAMS 0x00000000c2800000, 0x00000000c2800000| Untracked 
|  27|0x00000000c2900000, 0x00000000c2900000, 0x00000000c2a00000|  0%| F|  |TAMS 0x00000000c2900000, 0x00000000c2900000| Untracked 
|  28|0x00000000c2a00000, 0x00000000c2a00000, 0x00000000c2b00000|  0%| F|  |TAMS 0x00000000c2a00000, 0x00000000c2a00000| Untracked 
|  29|0x00000000c2b00000, 0x00000000c2b00000, 0x00000000c2c00000|  0%| F|  |TAMS 0x00000000c2b00000, 0x00000000c2b00000| Untracked 
|  30|0x00000000c2c00000, 0x00000000c2c00000, 0x00000000c2d00000|  0%| F|  |TAMS 0x00000000c2c00000, 0x00000000c2c00000| Untracked 
|  31|0x00000000c2d00000, 0x00000000c2d00000, 0x00000000c2e00000|  0%| F|  |TAMS 0x00000000c2d00000, 0x00000000c2d00000| Untracked 
|  32|0x00000000c2e00000, 0x00000000c2e00000, 0x00000000c2f00000|  0%| F|  |TAMS 0x00000000c2e00000, 0x00000000c2e00000| Untracked 
|  33|0x00000000c2f00000, 0x00000000c2f00000, 0x00000000c3000000|  0%| F|  |TAMS 0x00000000c2f00000, 0x00000000c2f00000| Untracked 
|  34|0x00000000c3000000, 0x00000000c3000000, 0x00000000c3100000|  0%| F|  |TAMS 0x00000000c3000000, 0x00000000c3000000| Untracked 
|  35|0x00000000c3100000, 0x00000000c3100000, 0x00000000c3200000|  0%| F|  |TAMS 0x00000000c3100000, 0x00000000c3100000| Untracked 
|  36|0x00000000c3200000, 0x00000000c3200000, 0x00000000c3300000|  0%| F|  |TAMS 0x00000000c3200000, 0x00000000c3200000| Untracked 
|  37|0x00000000c3300000, 0x00000000c3300000, 0x00000000c3400000|  0%| F|  |TAMS 0x00000000c3300000, 0x00000000c3300000| Untracked 
|  38|0x00000000c3400000, 0x00000000c3400000, 0x00000000c3500000|  0%| F|  |TAMS 0x00000000c3400000, 0x00000000c3400000| Untracked 
|  39|0x00000000c3500000, 0x00000000c3500000, 0x00000000c3600000|  0%| F|  |TAMS 0x00000000c3500000, 0x00000000c3500000| Untracked 
|  40|0x00000000c3600000, 0x00000000c3600000, 0x00000000c3700000|  0%| F|  |TAMS 0x00000000c3600000, 0x00000000c3600000| Untracked 
|  41|0x00000000c3700000, 0x00000000c3700000, 0x00000000c3800000|  0%| F|  |TAMS 0x00000000c3700000, 0x00000000c3700000| Untracked 
|  42|0x00000000c3800000, 0x00000000c3800000, 0x00000000c3900000|  0%| F|  |TAMS 0x00000000c3800000, 0x00000000c3800000| Untracked 
|  43|0x00000000c3900000, 0x00000000c3900000, 0x00000000c3a00000|  0%| F|  |TAMS 0x00000000c3900000, 0x00000000c3900000| Untracked 
|  44|0x00000000c3a00000, 0x00000000c3a00000, 0x00000000c3b00000|  0%| F|  |TAMS 0x00000000c3a00000, 0x00000000c3a00000| Untracked 
|  45|0x00000000c3b00000, 0x00000000c3b00000, 0x00000000c3c00000|  0%| F|  |TAMS 0x00000000c3b00000, 0x00000000c3b00000| Untracked 
|  46|0x00000000c3c00000, 0x00000000c3c00000, 0x00000000c3d00000|  0%| F|  |TAMS 0x00000000c3c00000, 0x00000000c3c00000| Untracked 
|  47|0x00000000c3d00000, 0x00000000c3d00000, 0x00000000c3e00000|  0%| F|  |TAMS 0x00000000c3d00000, 0x00000000c3d00000| Untracked 
|  48|0x00000000c3e00000, 0x00000000c3e00000, 0x00000000c3f00000|  0%| F|  |TAMS 0x00000000c3e00000, 0x00000000c3e00000| Untracked 
|  49|0x00000000c3f00000, 0x00000000c3f00000, 0x00000000c4000000|  0%| F|  |TAMS 0x00000000c3f00000, 0x00000000c3f00000| Untracked 
|  50|0x00000000c4000000, 0x00000000c4000000, 0x00000000c4100000|  0%| F|  |TAMS 0x00000000c4000000, 0x00000000c4000000| Untracked 
|  51|0x00000000c4100000, 0x00000000c4100000, 0x00000000c4200000|  0%| F|  |TAMS 0x00000000c4100000, 0x00000000c4100000| Untracked 
|  52|0x00000000c4200000, 0x00000000c4200000, 0x00000000c4300000|  0%| F|  |TAMS 0x00000000c4200000, 0x00000000c4200000| Untracked 
|  53|0x00000000c4300000, 0x00000000c4300000, 0x00000000c4400000|  0%| F|  |TAMS 0x00000000c4300000, 0x00000000c4300000| Untracked 
|  54|0x00000000c4400000, 0x00000000c4400000, 0x00000000c4500000|  0%| F|  |TAMS 0x00000000c4400000, 0x00000000c4400000| Untracked 
|  55|0x00000000c4500000, 0x00000000c4500000, 0x00000000c4600000|  0%| F|  |TAMS 0x00000000c4500000, 0x00000000c4500000| Untracked 
|  56|0x00000000c4600000, 0x00000000c4600000, 0x00000000c4700000|  0%| F|  |TAMS 0x00000000c4600000, 0x00000000c4600000| Untracked 
|  57|0x00000000c4700000, 0x00000000c4700000, 0x00000000c4800000|  0%| F|  |TAMS 0x00000000c4700000, 0x00000000c4700000| Untracked 
|  58|0x00000000c4800000, 0x00000000c4800000, 0x00000000c4900000|  0%| F|  |TAMS 0x00000000c4800000, 0x00000000c4800000| Untracked 
|  59|0x00000000c4900000, 0x00000000c4900000, 0x00000000c4a00000|  0%| F|  |TAMS 0x00000000c4900000, 0x00000000c4900000| Untracked 
|  60|0x00000000c4a00000, 0x00000000c4a00000, 0x00000000c4b00000|  0%| F|  |TAMS 0x00000000c4a00000, 0x00000000c4a00000| Untracked 
|  61|0x00000000c4b00000, 0x00000000c4b00000, 0x00000000c4c00000|  0%| F|  |TAMS 0x00000000c4b00000, 0x00000000c4b00000| Untracked 
|  62|0x00000000c4c00000, 0x00000000c4cd7948, 0x00000000c4d00000| 84%| E|  |TAMS 0x00000000c4c00000, 0x00000000c4c00000| Complete 
|  63|0x00000000c4d00000, 0x00000000c4e00000, 0x00000000c4e00000|100%| E|CS|TAMS 0x00000000c4d00000, 0x00000000c4d00000| Complete 

Card table byte_map: [0x0000003d27d30000,0x0000003d27f30000] _byte_map_base: 0x0000003d27729000

Marking Bits (Prev, Next): (CMBitMap*) 0x0000003d14ac5b68, (CMBitMap*) 0x0000003d14ac5ba0
 Prev Bits: [0x0000003d28130000, 0x0000003d290f8000)
 Next Bits: [0x0000003d29100000, 0x0000003d2a0c8000)

Polling page: 0x0000003d129f0000

Metaspace:

Usage:
  Non-class:      4.91 MB capacity,     4.87 MB (>99%) used,    36.16 KB ( <1%) free+waste,     2.50 KB ( <1%) overhead. 
      Class:    502.00 KB capacity,   472.45 KB ( 94%) used,    28.17 KB (  6%) free+waste,     1.38 KB ( <1%) overhead. 
       Both:      5.40 MB capacity,     5.33 MB ( 99%) used,    64.34 KB (  1%) free+waste,     3.88 KB ( <1%) overhead. 

Virtual space:
  Non-class space:        8.00 MB reserved,       5.00 MB ( 63%) committed 
      Class space:        1.00 GB reserved,     512.00 KB ( <1%) committed 
             Both:        1.01 GB reserved,       5.50 MB ( <1%) committed 

Chunk freelists:
   Non-Class:  27.00 KB
       Class:  10.00 KB
        Both:  37.00 KB

MaxMetaspaceSize: 17179869184.00 GB
CompressedClassSpaceSize: 1.00 GB

CodeHeap 'non-profiled nmethods': size=120064Kb used=56Kb max_used=56Kb free=120007Kb
 bounds [0x0000003d205f0000, 0x0000003d20860000, 0x0000003d27b30000]
CodeHeap 'profiled nmethods': size=120000Kb used=217Kb max_used=217Kb free=119782Kb
 bounds [0x0000003d190c0000, 0x0000003d19330000, 0x0000003d205f0000]
CodeHeap 'non-nmethods': size=5696Kb used=1035Kb max_used=1040Kb free=4660Kb
 bounds [0x0000003d18b30000, 0x0000003d18da0000, 0x0000003d190c0000]
 total_blobs=809 nmethods=175 adapters=221
 compilation: enabled
              stopped_count=0, restarted_count=0
 full_count=0

Compilation events (20 events):
Event: 0.158 Thread 0x0000003d2caeb800 nmethod 167 0x0000003d205fc490 code [0x0000003d205fc640, 0x0000003d205fc758]
Event: 0.165 Thread 0x0000003d2caeb800  168       3       java.lang.StringBuilder::append (8 bytes)
Event: 0.165 Thread 0x0000003d2caeb800 nmethod 168 0x0000003d190f1b10 code [0x0000003d190f1cc0, 0x0000003d190f1e70]
Event: 0.165 Thread 0x0000003d2caeb800  169       3       java.lang.AbstractStringBuilder::append (77 bytes)
Event: 0.166 Thread 0x0000003d2caeb800 nmethod 169 0x0000003d190f1f10 code [0x0000003d190f2140, 0x0000003d190f2830]
Event: 0.166 Thread 0x0000003d2caeb800  170       3       java.lang.String::checkBoundsBeginEnd (60 bytes)
Event: 0.167 Thread 0x0000003d2caeb800 nmethod 170 0x0000003d190f2a90 code [0x0000003d190f2d60, 0x0000003d190f3900]
Event: 0.168 Thread 0x0000003d2caeb800  171       3       java.lang.CharacterData::of (120 bytes)
Event: 0.169 Thread 0x0000003d2caeb800 nmethod 171 0x0000003d190f3d10 code [0x0000003d190f3f20, 0x0000003d190f4718]
Event: 0.170 Thread 0x0000003d2caeb800  172       3       java.io.WinNTFileSystem::isSlash (18 bytes)
Event: 0.170 Thread 0x0000003d2caeb800 nmethod 172 0x0000003d190f4910 code [0x0000003d190f4ac0, 0x0000003d190f4cb8]
Event: 0.173 Thread 0x0000003d2caeb800  173       3       java.lang.String::indexOf (29 bytes)
Event: 0.173 Thread 0x0000003d2caeb800 nmethod 173 0x0000003d190f4d90 code [0x0000003d190f4f60, 0x0000003d190f5240]
Event: 0.173 Thread 0x0000003d2cae3000 nmethod 150 0x0000003d205fc810 code [0x0000003d205fca00, 0x0000003d205fd758]
Event: 0.173 Thread 0x0000003d2cae3000  151       4       java.util.HashMap::newNode (13 bytes)
Event: 0.173 Thread 0x0000003d2caeb800  174       3       java.lang.String::substring (58 bytes)
Event: 0.173 Thread 0x0000003d2caeb800 nmethod 174 0x0000003d190f5310 code [0x0000003d190f5540, 0x0000003d190f5c30]
Event: 0.174 Thread 0x0000003d2caeb800  175       3       java.lang.String::indexOf (7 bytes)
Event: 0.174 Thread 0x0000003d2caeb800 nmethod 175 0x0000003d190f5e90 code [0x0000003d190f6080, 0x0000003d190f63e0]
Event: 0.175 Thread 0x0000003d2cae3000 nmethod 151 0x0000003d205fdc90 code [0x0000003d205fde20, 0x0000003d205fe118]

GC Heap History (0 events):
No events

Deoptimization events (0 events):
No events

Classes redefined (0 events):
No events

Internal exceptions (0 events):
No events

Events (20 events):
Event: 0.175 loading class java/nio/file/attribute/DosFileAttributes done
Event: 0.175 loading class sun/nio/fs/WindowsFileAttributes done
Event: 0.175 loading class sun/nio/fs/NativeBuffers
Event: 0.175 loading class sun/nio/fs/NativeBuffers done
Event: 0.175 loading class sun/nio/fs/NativeBuffers$1
Event: 0.175 loading class sun/nio/fs/NativeBuffers$1 done
Event: 0.176 loading class jdk/internal/misc/TerminatingThreadLocal$1
Event: 0.176 loading class jdk/internal/misc/TerminatingThreadLocal$1 done
Event: 0.176 loading class java/util/IdentityHashMap
Event: 0.176 loading class java/util/IdentityHashMap done
Event: 0.176 loading class java/util/IdentityHashMap$KeySet
Event: 0.176 loading class java/util/IdentityHashMap$KeySet done
Event: 0.176 loading class sun/nio/fs/NativeBuffer
Event: 0.176 loading class sun/nio/fs/NativeBuffer done
Event: 0.176 loading class sun/nio/fs/NativeBuffer$Deallocator
Event: 0.176 loading class sun/nio/fs/NativeBuffer$Deallocator done
Event: 0.176 loading class sun/nio/fs/WindowsNativeDispatcher
Event: 0.176 loading class sun/nio/fs/WindowsNativeDispatcher done
Event: 0.177 loading class sun/nio/fs/WindowsNativeDispatcher$1
Event: 0.177 loading class sun/nio/fs/WindowsNativeDispatcher$1 done


Dynamic libraries:
0x00007ff7c2e50000 - 0x00007ff7c2e5a000 	C:\Program Files\JetBrains\IntelliJ IDEA Community Edition 2019.2.2\jbr\bin\java.exe
0x00007ff8a7480000 - 0x00007ff8a762d000 	C:\Windows\SYSTEM32\ntdll.dll
0x00007ff8a72e0000 - 0x00007ff8a741f000 	C:\Windows\system32\KERNEL32.DLL
0x00007ff8a49f0000 - 0x00007ff8a4b05000 	C:\Windows\system32\KERNELBASE.dll
0x00007ff8a2130000 - 0x00007ff8a2149000 	C:\Program Files\JetBrains\IntelliJ IDEA Community Edition 2019.2.2\jbr\bin\jli.dll
0x00007ff89ef40000 - 0x00007ff89ef57000 	C:\Program Files\JetBrains\IntelliJ IDEA Community Edition 2019.2.2\jbr\bin\VCRUNTIME140.dll
0x00007ff89ef00000 - 0x00007ff89ef04000 	C:\Program Files\JetBrains\IntelliJ IDEA Community Edition 2019.2.2\jbr\bin\api-ms-win-crt-stdio-l1-1-0.dll
0x00007ff89aee0000 - 0x00007ff89aee4000 	C:\Program Files\JetBrains\IntelliJ IDEA Community Edition 2019.2.2\jbr\bin\api-ms-win-crt-runtime-l1-1-0.dll
0x00007ff89aed0000 - 0x00007ff89aed3000 	C:\Program Files\JetBrains\IntelliJ IDEA Community Edition 2019.2.2\jbr\bin\api-ms-win-crt-environment-l1-1-0.dll
0x00007ff89a220000 - 0x00007ff89a225000 	C:\Program Files\JetBrains\IntelliJ IDEA Community Edition 2019.2.2\jbr\bin\api-ms-win-crt-math-l1-1-0.dll
0x00007ff89a210000 - 0x00007ff89a213000 	C:\Program Files\JetBrains\IntelliJ IDEA Community Edition 2019.2.2\jbr\bin\api-ms-win-crt-locale-l1-1-0.dll
0x00007ff897800000 - 0x00007ff897803000 	C:\Program Files\JetBrains\IntelliJ IDEA Community Edition 2019.2.2\jbr\bin\api-ms-win-crt-heap-l1-1-0.dll
0x00007ff8a3320000 - 0x00007ff8a359b000 	C:\Windows\WinSxS\amd64_microsoft.windows.common-controls_6595b64144ccf1df_6.0.9600.19394_none_62486577ecb635cf\COMCTL32.dll
0x00007ff8a67e0000 - 0x00007ff8a6957000 	C:\Windows\system32\USER32.dll
0x00007ff897650000 - 0x00007ff897653000 	C:\Program Files\JetBrains\IntelliJ IDEA Community Edition 2019.2.2\jbr\bin\api-ms-win-crt-filesystem-l1-1-0.dll
0x00007ff897440000 - 0x00007ff897444000 	C:\Program Files\JetBrains\IntelliJ IDEA Community Edition 2019.2.2\jbr\bin\api-ms-win-crt-string-l1-1-0.dll
0x00007ff8972d0000 - 0x00007ff8972d4000 	C:\Program Files\JetBrains\IntelliJ IDEA Community Edition 2019.2.2\jbr\bin\api-ms-win-crt-convert-l1-1-0.dll
0x00007ff8a4b10000 - 0x00007ff8a4bba000 	C:\Windows\system32\msvcrt.dll
0x00007ff8a62f0000 - 0x00007ff8a643d000 	C:\Windows\system32\GDI32.dll
0x00007ff887760000 - 0x00007ff88785a000 	C:\Program Files\JetBrains\IntelliJ IDEA Community Edition 2019.2.2\jbr\bin\ucrtbase.DLL
0x00007ff8a7420000 - 0x00007ff8a7456000 	C:\Windows\system32\IMM32.DLL
0x00007ff8a6e60000 - 0x00007ff8a6fb1000 	C:\Windows\system32\MSCTF.dll
0x00007ff88fb60000 - 0x00007ff88fbfd000 	C:\Program Files\JetBrains\IntelliJ IDEA Community Edition 2019.2.2\jbr\bin\msvcp140.dll
0x00007ff8954d0000 - 0x00007ff8954d5000 	C:\Program Files\JetBrains\IntelliJ IDEA Community Edition 2019.2.2\jbr\bin\api-ms-win-crt-multibyte-l1-1-0.dll
0x00007ff88ff90000 - 0x00007ff88ff93000 	C:\Program Files\JetBrains\IntelliJ IDEA Community Edition 2019.2.2\jbr\bin\api-ms-win-crt-time-l1-1-0.dll
0x00007ff88fb30000 - 0x00007ff88fb33000 	C:\Program Files\JetBrains\IntelliJ IDEA Community Edition 2019.2.2\jbr\bin\api-ms-win-crt-utility-l1-1-0.dll
0x00007ff886390000 - 0x00007ff886e4b000 	C:\Program Files\JetBrains\IntelliJ IDEA Community Edition 2019.2.2\jbr\bin\server\jvm.dll
0x00007ff8a6650000 - 0x00007ff8a66fa000 	C:\Windows\system32\ADVAPI32.dll
0x00007ff89f780000 - 0x00007ff89f789000 	C:\Windows\SYSTEM32\WSOCK32.dll
0x00007ff8a0100000 - 0x00007ff8a0122000 	C:\Windows\SYSTEM32\WINMM.dll
0x00007ff8a0130000 - 0x00007ff8a013a000 	C:\Windows\SYSTEM32\VERSION.dll
0x00007ff8a7460000 - 0x00007ff8a7467000 	C:\Windows\system32\PSAPI.DLL
0x00007ff8a4d60000 - 0x00007ff8a4db8000 	C:\Windows\SYSTEM32\sechost.dll
0x00007ff8a6960000 - 0x00007ff8a6aa0000 	C:\Windows\system32\RPCRT4.dll
0x00007ff8a7280000 - 0x00007ff8a72da000 	C:\Windows\system32\WS2_32.dll
0x00007ff8a00c0000 - 0x00007ff8a00ea000 	C:\Windows\SYSTEM32\WINMMBASE.dll
0x00007ff8a4860000 - 0x00007ff8a488e000 	C:\Windows\system32\SspiCli.dll
0x00007ff8a67d0000 - 0x00007ff8a67d9000 	C:\Windows\system32\NSI.dll
0x00007ff8a4890000 - 0x00007ff8a48df000 	C:\Windows\SYSTEM32\cfgmgr32.dll
0x00007ff8a2bc0000 - 0x00007ff8a2be8000 	C:\Windows\SYSTEM32\DEVOBJ.dll
0x00007ff898a80000 - 0x00007ff898a91000 	C:\Program Files\JetBrains\IntelliJ IDEA Community Edition 2019.2.2\jbr\bin\verify.dll
0x00007ff8903f0000 - 0x00007ff890579000 	C:\Windows\SYSTEM32\DBGHELP.DLL
0x00007ff897680000 - 0x00007ff8976a9000 	C:\Program Files\JetBrains\IntelliJ IDEA Community Edition 2019.2.2\jbr\bin\java.dll
0x00007ff8a2120000 - 0x00007ff8a212f000 	C:\Program Files\JetBrains\IntelliJ IDEA Community Edition 2019.2.2\jbr\bin\instrument.dll
0x00007ff897f20000 - 0x00007ff897f37000 	C:\Program Files\JetBrains\IntelliJ IDEA Community Edition 2019.2.2\jbr\bin\zip.dll
0x00007ff899810000 - 0x00007ff89981b000 	C:\Program Files\JetBrains\IntelliJ IDEA Community Edition 2019.2.2\jbr\bin\jimage.dll
0x00007ff8a4dc0000 - 0x00007ff8a62ed000 	C:\Windows\system32\SHELL32.dll
0x00007ff8a6440000 - 0x00007ff8a6650000 	C:\Windows\SYSTEM32\combase.dll
0x00007ff8a6770000 - 0x00007ff8a67c4000 	C:\Windows\system32\SHLWAPI.dll
0x00007ff8a3a60000 - 0x00007ff8a3b12000 	C:\Windows\SYSTEM32\SHCORE.dll
0x00007ff8a45b0000 - 0x00007ff8a45c5000 	C:\Windows\SYSTEM32\profapi.dll
0x00007ff8972e0000 - 0x00007ff8972fa000 	C:\Program Files\JetBrains\IntelliJ IDEA Community Edition 2019.2.2\jbr\bin\net.dll
0x00007ff89ad20000 - 0x00007ff89ade9000 	C:\Windows\SYSTEM32\WINHTTP.dll
0x00007ff8a2e40000 - 0x00007ff8a2f01000 	C:\Windows\system32\filterlsp.dll
0x00007ff8a4bc0000 - 0x00007ff8a4d54000 	C:\Windows\system32\ole32.dll
0x00007ff8a6ff0000 - 0x00007ff8a70b7000 	C:\Windows\system32\OLEAUT32.dll
0x00007ff8a3770000 - 0x00007ff8a3791000 	C:\Windows\SYSTEM32\USERENV.dll
0x00007ff8a39e0000 - 0x00007ff8a3a39000 	C:\Windows\system32\mswsock.dll
0x00007ff8a2bb0000 - 0x00007ff8a2bbb000 	C:\Windows\SYSTEM32\kernel.appcore.dll
0x00007ff8a44f0000 - 0x00007ff8a44fb000 	C:\Windows\SYSTEM32\CRYPTBASE.dll
0x00007ff8a4430000 - 0x00007ff8a4493000 	C:\Windows\SYSTEM32\bcryptPrimitives.dll
0x00007ff8a6da0000 - 0x00007ff8a6e56000 	C:\Windows\SYSTEM32\clbcatq.dll
0x00007ff897bc0000 - 0x00007ff897dd3000 	C:\Program Files\NetpolicePro64\CFiltering.dll
0x00007ff89de40000 - 0x00007ff89de6a000 	C:\Windows\SYSTEM32\IPHLPAPI.DLL
0x00007ff89cb40000 - 0x00007ff89cfec000 	C:\Windows\SYSTEM32\WININET.dll
0x00007ff89def0000 - 0x00007ff89defa000 	C:\Windows\SYSTEM32\WINNSI.DLL
0x00007ff89cff0000 - 0x00007ff89d2bc000 	C:\Windows\SYSTEM32\iertutil.dll
0x0000000056540000 - 0x000000005654b000 	C:\Program Files\Crypto Pro\RCSP\cpwinet.dll
0x00000000573e0000 - 0x00000000573e7000 	C:\Program Files\Crypto Pro\RCSP\detoured.dll
0x00007ff8a3a40000 - 0x00007ff8a3a60000 	C:\Windows\SYSTEM32\CRYPTSP.dll
0x00000000573d0000 - 0x00000000573e0000 	C:\Program Files\Crypto Pro\RCSP\cpadvai.dll
0x00007ff8a3660000 - 0x00007ff8a3696000 	C:\Windows\system32\rsaenh.dll
0x00007ff8a40f0000 - 0x00007ff8a4116000 	C:\Windows\SYSTEM32\bcrypt.dll
0x00007ff8971d0000 - 0x00007ff8972ca000 	C:\Program Files\Common Files\System\Ole DB\oledb32.dll
0x00007ff8971a0000 - 0x00007ff8971c5000 	C:\Windows\SYSTEM32\MSDART.DLL
0x00007ff896fd0000 - 0x00007ff89717d000 	C:\Windows\System32\comsvcs.dll
0x00007ff8a30e0000 - 0x00007ff8a3128000 	C:\Windows\System32\AUTHZ.dll
0x00007ff896f40000 - 0x00007ff896fc1000 	C:\Program Files\Common Files\Microsoft Shared\OFFICE14\ACEOLEDB.DLL
0x0000000055fd0000 - 0x0000000056073000 	C:\Windows\WinSxS\amd64_microsoft.vc90.crt_1fc8b3b9a1e18e3b_9.0.30729.8387_none_08e793bfa83a89b5\MSVCR90.dll
0x00007ff895800000 - 0x00007ff896f3a000 	C:\Program Files\Common Files\Microsoft Shared\office14\mso.dll
0x00007ff8a3b20000 - 0x00007ff8a3e53000 	C:\Windows\SYSTEM32\msi.dll
0x0000000180000000 - 0x000000018000b000 	C:\Program Files\Crypto Pro\RCSP\cpmsi.dll
0x00007ff8a4680000 - 0x00007ff8a485f000 	C:\Windows\system32\CRYPT32.dll
0x00007ff8a4660000 - 0x00007ff8a4671000 	C:\Windows\system32\MSASN1.dll
0x00000000573f0000 - 0x0000000057402000 	C:\Program Files\Crypto Pro\RCSP\cpcrypt.dll
0x00007ff8a29f0000 - 0x00007ff8a29fa000 	C:\Windows\SYSTEM32\DPAPI.DLL
0x00007ff895500000 - 0x00007ff8957f5000 	C:\Program Files\Common Files\Microsoft Shared\OFFICE14\ACECORE.DLL
0x0000000055ef0000 - 0x0000000055fc3000 	C:\Windows\WinSxS\amd64_microsoft.vc90.crt_1fc8b3b9a1e18e3b_9.0.30729.8387_none_08e793bfa83a89b5\MSVCP90.dll
0x00007ff88d720000 - 0x00007ff88db3a000 	C:\Program Files\Common Files\Microsoft Shared\office14\Cultures\office.odf
0x00007ff895000000 - 0x00007ff8950d5000 	C:\Program Files\Common Files\Microsoft Shared\OFFICE14\1049\ACEWSTR.DLL
0x00007ff8a2a00000 - 0x00007ff8a2b29000 	C:\Windows\system32\uxtheme.dll
0x00007ff890ad0000 - 0x00007ff894ffb000 	C:\Program Files\Common Files\Microsoft Shared\office14\MSORES.DLL
0x00007ff8a16f0000 - 0x00007ff8a170f000 	C:\Windows\system32\DavClnt.DLL
0x00007ff8a2080000 - 0x00007ff8a208c000 	C:\Windows\SYSTEM32\DAVHLPR.dll
0x00007ff890730000 - 0x00007ff890a92000 	C:\Program Files\Common Files\Microsoft Shared\office14\1049\MSOINTL.DLL
0x00007ff8a2490000 - 0x00007ff8a24b1000 	C:\Windows\system32\dwmapi.dll
0x00007ff890620000 - 0x00007ff890730000 	C:\Program Files\Common Files\Microsoft Shared\office14\ACEES.DLL
0x00007ff890610000 - 0x00007ff890620000 	C:\Program Files\Common Files\Microsoft Shared\OFFICE14\VBAJET32.DLL
0x00007ff890580000 - 0x00007ff890601000 	C:\Program Files\Common Files\Microsoft Shared\OFFICE14\expsrv.dll
0x00007ff8a37e0000 - 0x00007ff8a3884000 	C:\Windows\SYSTEM32\DNSAPI.dll
0x00007ff89d560000 - 0x00007ff89d56a000 	C:\Windows\System32\rasadhlp.dll
0x00007ff8a35a0000 - 0x00007ff8a35ac000 	C:\Windows\SYSTEM32\Secur32.dll
0x00007ff8954c0000 - 0x00007ff8954cc000 	C:\Windows\SYSTEM32\ondemandconnroutehelper.dll
0x00007ff89d2c0000 - 0x00007ff89d44a000 	C:\Windows\SYSTEM32\urlmon.dll
0x00007ff89de80000 - 0x00007ff89deeb000 	C:\Windows\System32\fwpuclnt.dll
0x00007ff895270000 - 0x00007ff8954b1000 	C:\Windows\System32\msxml3.dll

dbghelp: loaded successfully - version: 4.0.5 - missing functions: none
symbol engine: initialized successfully - sym options: 0x614 - pdb path: .;C:\Program Files\JetBrains\IntelliJ IDEA Community Edition 2019.2.2\jbr\bin;C:\Windows\SYSTEM32;C:\Windows\WinSxS\amd64_microsoft.windows.common-controls_6595b64144ccf1df_6.0.9600.19394_none_62486577ecb635cf;C:\Program Files\JetBrains\IntelliJ IDEA Community Edition 2019.2.2\jbr\bin\server;C:\Program Files\NetpolicePro64;C:\Program Files\Crypto Pro\RCSP;C:\Program Files\Common Files\System\Ole DB;C:\Program Files\Common Files\Microsoft Shared\OFFICE14;C:\Windows\WinSxS\amd64_microsoft.vc90.crt_1fc8b3b9a1e18e3b_9.0.30729.8387_none_08e793bfa83a89b5;C:\Program Files\Common Files\Microsoft Shared\office14\Cultures;C:\Program Files\Common Files\Microsoft Shared\OFFICE14\1049

VM Arguments:
jvm_args: -javaagent:C:\Program Files\JetBrains\IntelliJ IDEA Community Edition 2019.2.2\lib\idea_rt.jar=52954:C:\Program Files\JetBrains\IntelliJ IDEA Community Edition 2019.2.2\bin -Dfile.encoding=UTF-8 
java_command: sample.Main
java_class_path (initial): C:\Users\PC-402-10.SCHOOL\IdeaProjects\SeaBattle\out\production\SeaBattle;C:\Program Files\JetBrains\IntelliJ IDEA Community Edition 2019.2.2\plugins\Kotlin\kotlinc\lib\kotlin-stdlib.jar;C:\Program Files\JetBrains\IntelliJ IDEA Community Edition 2019.2.2\plugins\Kotlin\kotlinc\lib\kotlin-reflect.jar;C:\Program Files\JetBrains\IntelliJ IDEA Community Edition 2019.2.2\plugins\Kotlin\kotlinc\lib\kotlin-test.jar;C:\Program Files\JetBrains\IntelliJ IDEA Community Edition 2019.2.2\plugins\Kotlin\kotlinc\lib\kotlin-stdlib-jdk7.jar;C:\Program Files\JetBrains\IntelliJ IDEA Community Edition 2019.2.2\plugins\Kotlin\kotlinc\lib\kotlin-stdlib-jdk8.jar
Launcher Type: SUN_STANDARD

[Global flags]
     intx CICompilerCount                          = 3                                         {product} {ergonomic}
     uint ConcGCThreads                            = 1                                         {product} {ergonomic}
     uint G1ConcRefinementThreads                  = 4                                         {product} {ergonomic}
   size_t G1HeapRegionSize                         = 1048576                                   {product} {ergonomic}
    uintx GCDrainStackTargetSize                   = 64                                        {product} {ergonomic}
   size_t InitialHeapSize                          = 67108864                                  {product} {ergonomic}
   size_t MarkStackSize                            = 4194304                                   {product} {ergonomic}
   size_t MaxHeapSize                              = 1059061760                                {product} {ergonomic}
   size_t MaxNewSize                               = 635437056                                 {product} {ergonomic}
   size_t MinHeapDeltaBytes                        = 1048576                                   {product} {ergonomic}
    uintx NonNMethodCodeHeapSize                   = 5830732                                {pd product} {ergonomic}
    uintx NonProfiledCodeHeapSize                  = 122913754                              {pd product} {ergonomic}
    uintx ProfiledCodeHeapSize                     = 122913754                              {pd product} {ergonomic}
    uintx ReservedCodeCacheSize                    = 251658240                              {pd product} {ergonomic}
     bool SegmentedCodeCache                       = true                                      {product} {ergonomic}
     bool UseCompressedClassPointers               = true                                 {lp64_product} {ergonomic}
     bool UseCompressedOops                        = true                                 {lp64_product} {ergonomic}
     bool UseG1GC                                  = true                                      {product} {ergonomic}
     bool UseLargePagesIndividualAllocation        = false                                  {pd product} {ergonomic}

Logging:
Log output configuration:
 #0: stdout all=warning uptime,level,tags
 #1: stderr all=off uptime,level,tags

Environment Variables:
PATH=C:\Program Files (x86)\Intel\iCLS Client\;C:\Program Files\Intel\iCLS Client\;C:\Program Files (x86)\NVIDIA Corporation\PhysX\Common;C:\Windows\system32;C:\Windows;C:\Windows\System32\Wbem;C:\Windows\System32\WindowsPowerShell\v1.0\;C:\Program Files\Intel\Intel(R) Management Engine Components\DAL;C:\Program Files\Intel\Intel(R) Management Engine Components\IPT;C:\Program Files (x86)\Intel\Intel(R) Management Engine Components\DAL;C:\Program Files (x86)\Intel\Intel(R) Management Engine Components\IPT;C:\Program Files (x86)\Windows Live\Shared;C:\Program Files (x86)\IVI Foundation\VISA\WinNT\Bin
USERNAME=PC-402-10
OS=Windows_NT
PROCESSOR_IDENTIFIER=Intel64 Family 6 Model 60 Stepping 3, GenuineIntel



---------------  S Y S T E M  ---------------

OS: Windows 8.1 , 64 bit Build 9600 (6.3.9600.19719)

CPU:total 4 (initial active 4) (2 cores per cpu, 2 threads per core) family 6 model 60 stepping 3, cmov, cx8, fxsr, mmx, sse, sse2, sse3, ssse3, sse4.1, sse4.2, popcnt, avx, avx2, aes, clmul, erms, lzcnt, ht, tsc, tscinvbit, bmi1, bmi2, fma

Memory: 4k page, system-wide physical 4034M (1358M free)
TotalPageFile size 5239M (AvailPageFile size 1225M)
current process WorkingSet (physical memory assigned to process): 52M, peak: 52M
current process commit charge ("private bytes"): 140M, peak: 141M

vm_info: OpenJDK 64-Bit Server VM (11.0.5+10-b520.30) for windows-amd64 JRE (11.0.5+10-b520.30), built on Dec 24 2019 12:06:09 by "" with MS VC++ 14.0 (VS2015)

END.
